<?xml version="1.0" encoding="UTF-8"?>
<testsuite xmlns:xsi="http://www.w3.org/2001/XMLSchema-instance" xsi:noNamespaceSchemaLocation="https://maven.apache.org/surefire/maven-surefire-plugin/xsd/surefire-test-report-3.0.xsd" version="3.0" name="com.gcu.topic5_1.Topic51ApplicationTests" time="2.833" tests="1" errors="0" skipped="0" failures="0">
  <properties>
[...]
</properties>
  <testcase name="contextLoads" classname="com.gcu.topic5_1.Topic51ApplicationTests" time="0.536">
    <system-out><![CDATA[14:21:09.286 [main] INFO org.springframework.test.context.support.AnnotationConfigContextLoaderUtils -- Could not detect default configuration classes for test class [com.gcu.topic5_1.Topic51ApplicationTests]: Topic51ApplicationTests does not declare any static, non-private, non-final, nested classes annotated with @Configuration.
14:21:09.348 [main] INFO org.springframework.boot.test.context.SpringBootTestContextBootstrapper -- Found @SpringBootConfiguration com.gcu.topic5_1.Topic51Application for test class com.gcu.topic5_1.Topic51ApplicationTests
14:21:09.464 [main] INFO org.springframework.boot.devtools.restart.RestartApplicationListener -- Restart disabled due to context in which it is running

  .   ____          _            __ _ _
 /\\ / ___'_ __ _ _(_)_ __  __ _ \ \ \ \
( ( )\___ | '_ | '_| | '_ \/ _` | \ \ \ \
 \\/  ___)| |_)| | | | | || (_| |  ) ) ) )
  '  |____| .__|_| |_|_| |_\__, | / / / /
 =========|_|==============|___/=/_/_/_/

 :: Spring Boot ::                (v3.3.1)

2024-07-15T14:21:09.617-07:00  INFO 19620 --- [topic5-1] [           main] c.gcu.topic5_1.Topic51ApplicationTests   : Starting Topic51ApplicationTests using Java 21.0.3 with PID 19620 (started by Evan in C:\Users\Evan\OneDrive\Desktop\GCU\CST-339\workspaceCST-339\topic5-1)
2024-07-15T14:21:09.618-07:00  INFO 19620 --- [topic5-1] [           main] c.gcu.topic5_1.Topic51ApplicationTests   : No active profile set, falling back to 1 default profile: "default"
2024-07-15T14:21:10.026-07:00  INFO 19620 --- [topic5-1] [           main] .s.d.r.c.RepositoryConfigurationDelegate : Bootstrapping Spring Data JDBC repositories in DEFAULT mode.
2024-07-15T14:21:10.048-07:00  INFO 19620 --- [topic5-1] [           main] .s.d.r.c.RepositoryConfigurationDelegate : Finished Spring Data repository scanning in 19 ms. Found 1 JDBC repository interface.
2024-07-15T14:21:10.423-07:00  INFO 19620 --- [topic5-1] [           main] com.zaxxer.hikari.HikariDataSource       : HikariPool-1 - Starting...
2024-07-15T14:21:10.724-07:00  INFO 19620 --- [topic5-1] [           main] com.zaxxer.hikari.pool.HikariPool        : HikariPool-1 - Added connection com.mysql.cj.jdbc.ConnectionImpl@7f1f60a0
2024-07-15T14:21:10.725-07:00  INFO 19620 --- [topic5-1] [           main] com.zaxxer.hikari.HikariDataSource       : HikariPool-1 - Start completed.
2024-07-15T14:21:11.460-07:00  INFO 19620 --- [topic5-1] [           main] c.gcu.topic5_1.Topic51ApplicationTests   : Started Topic51ApplicationTests in 2.006 seconds (process running for 2.661)
]]></system-out>
    <system-err><![CDATA[WARNING: A Java agent has been loaded dynamically (C:\Users\Evan\.m2\repository\net\bytebuddy\byte-buddy-agent\1.14.17\byte-buddy-agent-1.14.17.jar)
WARNING: If a serviceability tool is in use, please run with -XX:+EnableDynamicAgentLoading to hide this warning
WARNING: If a serviceability tool is not in use, please run with -Djdk.instrument.traceUsage for more information
WARNING: Dynamic loading of agents will be disallowed by default in a future release
]]></system-err>
  </testcase>
</testsuite>